e:\code\drx.sdk.network\x64\debug\drx.sdk.network.pch
e:\code\drx.sdk.network\x64\debug\vc143.pdb
e:\code\drx.sdk.network\x64\debug\vc143.idb
e:\code\drx.sdk.network\x64\debug\pch.obj
e:\code\drx.sdk.network\x64\debug\httprequest.obj
e:\code\drx.sdk.network\x64\debug\dllmain.obj
e:\code\x64\debug\drx.sdk.network.pdb
e:\code\drx.sdk.network\x64\debug\drx.sdk.network.tlog\cl.command.1.tlog
e:\code\drx.sdk.network\x64\debug\drx.sdk.network.tlog\cl.read.1.tlog
e:\code\drx.sdk.network\x64\debug\drx.sdk.network.tlog\cl.write.1.tlog
e:\code\drx.sdk.network\x64\debug\drx.sdk.network.tlog\link-cvtres.read.1.tlog
e:\code\drx.sdk.network\x64\debug\drx.sdk.network.tlog\link-cvtres.write.1.tlog
e:\code\drx.sdk.network\x64\debug\drx.sdk.network.tlog\link-rc.read.1.tlog
e:\code\drx.sdk.network\x64\debug\drx.sdk.network.tlog\link-rc.write.1.tlog
e:\code\drx.sdk.network\x64\debug\drx.sdk.network.tlog\link.command.1.tlog
e:\code\drx.sdk.network\x64\debug\drx.sdk.network.tlog\link.read.1.tlog
e:\code\drx.sdk.network\x64\debug\drx.sdk.network.tlog\link.read.2.tlog
e:\code\drx.sdk.network\x64\debug\drx.sdk.network.tlog\link.read.3.tlog
e:\code\drx.sdk.network\x64\debug\drx.sdk.network.tlog\link.read.4.tlog
e:\code\drx.sdk.network\x64\debug\drx.sdk.network.tlog\link.write.1.tlog
