  pch.cpp
  dllmain.cpp
  HttpRequest.cpp
E:\Code\Drx.Sdk.Network\HttpRequest.cpp(83,61): warning C4267: “参数”: 从“size_t”转换到“DWORD”，可能丢失数据
  (编译源文件“/HttpRequest.cpp”)
  
E:\Code\Drx.Sdk.Network\HttpRequest.cpp(83,46): warning C4267: “参数”: 从“size_t”转换到“DWORD”，可能丢失数据
  (编译源文件“/HttpRequest.cpp”)
  
E:\Code\Drx.Sdk.Network\HttpRequest.cpp(143,49): warning C4267: “参数”: 从“size_t”转换到“DWORD”，可能丢失数据
  (编译源文件“/HttpRequest.cpp”)
  
  正在生成代码...
HttpRequest.obj : error LNK2019: 无法解析的外部符号 __imp_WinHttpCrackUrl，函数 "private: bool __cdecl HttpRequest::InitializeConnection(class std::basic_string<wchar_t,struct std::char_traits<wchar_t>,class std::allocator<wchar_t> > const &,void * &,void * &,class std::basic_string<wchar_t,struct std::char_traits<wchar_t>,class std::allocator<wchar_t> > const &)" (?InitializeConnection@HttpRequest@@AEAA_NAEBV?$basic_string@_WU?$char_traits@_W@std@@V?$allocator@_W@2@@std@@AEAPEAX10@Z) 中引用了该符号
HttpRequest.obj : error LNK2019: 无法解析的外部符号 __imp_WinHttpOpen，函数 "public: __cdecl HttpRequest::HttpRequest(void)" (??0HttpRequest@@QEAA@XZ) 中引用了该符号
HttpRequest.obj : error LNK2019: 无法解析的外部符号 __imp_WinHttpCloseHandle，函数 "public: __cdecl HttpRequest::~HttpRequest(void)" (??1HttpRequest@@QEAA@XZ) 中引用了该符号
HttpRequest.obj : error LNK2019: 无法解析的外部符号 __imp_WinHttpConnect，函数 "private: bool __cdecl HttpRequest::InitializeConnection(class std::basic_string<wchar_t,struct std::char_traits<wchar_t>,class std::allocator<wchar_t> > const &,void * &,void * &,class std::basic_string<wchar_t,struct std::char_traits<wchar_t>,class std::allocator<wchar_t> > const &)" (?InitializeConnection@HttpRequest@@AEAA_NAEBV?$basic_string@_WU?$char_traits@_W@std@@V?$allocator@_W@2@@std@@AEAPEAX10@Z) 中引用了该符号
HttpRequest.obj : error LNK2019: 无法解析的外部符号 __imp_WinHttpReadData，函数 "private: bool __cdecl HttpRequest::SendRequest(class std::basic_string<wchar_t,struct std::char_traits<wchar_t>,class std::allocator<wchar_t> > const &,class std::basic_string<wchar_t,struct std::char_traits<wchar_t>,class std::allocator<wchar_t> > const &,class std::basic_string<char,struct std::char_traits<char>,class std::allocator<char> > const &,class std::basic_string<char,struct std::char_traits<char>,class std::allocator<char> > &)" (?SendRequest@HttpRequest@@AEAA_NAEBV?$basic_string@_WU?$char_traits@_W@std@@V?$allocator@_W@2@@std@@0AEBV?$basic_string@DU?$char_traits@D@std@@V?$allocator@D@2@@3@AEAV43@@Z) 中引用了该符号
HttpRequest.obj : error LNK2019: 无法解析的外部符号 __imp_WinHttpQueryDataAvailable，函数 "private: bool __cdecl HttpRequest::SendRequest(class std::basic_string<wchar_t,struct std::char_traits<wchar_t>,class std::allocator<wchar_t> > const &,class std::basic_string<wchar_t,struct std::char_traits<wchar_t>,class std::allocator<wchar_t> > const &,class std::basic_string<char,struct std::char_traits<char>,class std::allocator<char> > const &,class std::basic_string<char,struct std::char_traits<char>,class std::allocator<char> > &)" (?SendRequest@HttpRequest@@AEAA_NAEBV?$basic_string@_WU?$char_traits@_W@std@@V?$allocator@_W@2@@std@@0AEBV?$basic_string@DU?$char_traits@D@std@@V?$allocator@D@2@@3@AEAV43@@Z) 中引用了该符号
HttpRequest.obj : error LNK2019: 无法解析的外部符号 __imp_WinHttpSetTimeouts，函数 "private: bool __cdecl HttpRequest::SendRequest(class std::basic_string<wchar_t,struct std::char_traits<wchar_t>,class std::allocator<wchar_t> > const &,class std::basic_string<wchar_t,struct std::char_traits<wchar_t>,class std::allocator<wchar_t> > const &,class std::basic_string<char,struct std::char_traits<char>,class std::allocator<char> > const &,class std::basic_string<char,struct std::char_traits<char>,class std::allocator<char> > &)" (?SendRequest@HttpRequest@@AEAA_NAEBV?$basic_string@_WU?$char_traits@_W@std@@V?$allocator@_W@2@@std@@0AEBV?$basic_string@DU?$char_traits@D@std@@V?$allocator@D@2@@3@AEAV43@@Z) 中引用了该符号
HttpRequest.obj : error LNK2019: 无法解析的外部符号 __imp_WinHttpOpenRequest，函数 "private: bool __cdecl HttpRequest::InitializeConnection(class std::basic_string<wchar_t,struct std::char_traits<wchar_t>,class std::allocator<wchar_t> > const &,void * &,void * &,class std::basic_string<wchar_t,struct std::char_traits<wchar_t>,class std::allocator<wchar_t> > const &)" (?InitializeConnection@HttpRequest@@AEAA_NAEBV?$basic_string@_WU?$char_traits@_W@std@@V?$allocator@_W@2@@std@@AEAPEAX10@Z) 中引用了该符号
HttpRequest.obj : error LNK2019: 无法解析的外部符号 __imp_WinHttpAddRequestHeaders，函数 "private: bool __cdecl HttpRequest::SendRequest(class std::basic_string<wchar_t,struct std::char_traits<wchar_t>,class std::allocator<wchar_t> > const &,class std::basic_string<wchar_t,struct std::char_traits<wchar_t>,class std::allocator<wchar_t> > const &,class std::basic_string<char,struct std::char_traits<char>,class std::allocator<char> > const &,class std::basic_string<char,struct std::char_traits<char>,class std::allocator<char> > &)" (?SendRequest@HttpRequest@@AEAA_NAEBV?$basic_string@_WU?$char_traits@_W@std@@V?$allocator@_W@2@@std@@0AEBV?$basic_string@DU?$char_traits@D@std@@V?$allocator@D@2@@3@AEAV43@@Z) 中引用了该符号
HttpRequest.obj : error LNK2019: 无法解析的外部符号 __imp_WinHttpSendRequest，函数 "private: bool __cdecl HttpRequest::SendRequest(class std::basic_string<wchar_t,struct std::char_traits<wchar_t>,class std::allocator<wchar_t> > const &,class std::basic_string<wchar_t,struct std::char_traits<wchar_t>,class std::allocator<wchar_t> > const &,class std::basic_string<char,struct std::char_traits<char>,class std::allocator<char> > const &,class std::basic_string<char,struct std::char_traits<char>,class std::allocator<char> > &)" (?SendRequest@HttpRequest@@AEAA_NAEBV?$basic_string@_WU?$char_traits@_W@std@@V?$allocator@_W@2@@std@@0AEBV?$basic_string@DU?$char_traits@D@std@@V?$allocator@D@2@@3@AEAV43@@Z) 中引用了该符号
HttpRequest.obj : error LNK2019: 无法解析的外部符号 __imp_WinHttpReceiveResponse，函数 "private: bool __cdecl HttpRequest::SendRequest(class std::basic_string<wchar_t,struct std::char_traits<wchar_t>,class std::allocator<wchar_t> > const &,class std::basic_string<wchar_t,struct std::char_traits<wchar_t>,class std::allocator<wchar_t> > const &,class std::basic_string<char,struct std::char_traits<char>,class std::allocator<char> > const &,class std::basic_string<char,struct std::char_traits<char>,class std::allocator<char> > &)" (?SendRequest@HttpRequest@@AEAA_NAEBV?$basic_string@_WU?$char_traits@_W@std@@V?$allocator@_W@2@@std@@0AEBV?$basic_string@DU?$char_traits@D@std@@V?$allocator@D@2@@3@AEAV43@@Z) 中引用了该符号
E:\Code\x64\Debug\Drx.Sdk.Network.dll : fatal error LNK1120: 11 个无法解析的外部命令
